<?xml version="1.0" encoding="UTF-8" ?>
<testsuite errors="0" failures="0" hostname="dhp-3" name="chess.BoardTest" tests="7" time="5.485" timestamp="2013-01-07T11:48:06">
  <properties>
    <property name="default.javac.source" value="1.4" />
    <property name="file.encoding.pkg" value="sun.io" />
    <property name="jnlp.signing.alias" value="" />
    <property name="user.language.format" value="fi" />
    <property name="javac.source" value="1.7" />
    <property name="testng.debug.mode" value="" />
    <property name="netbeans.system_http_proxy" value="DIRECT" />
    <property name="java.home" value="/usr/lib/jvm/java-7-openjdk-amd64/jre" />
    <property name="do.archive+manifest.available+main.class" value="true" />
    <property name="test.src.dir" value="test" />
    <property name="javadoc.version" value="false" />
    <property name="jnlp.mixed.code" value="default" />
    <property name="sun.font.fontmanager" value="sun.awt.X11FontManager" />
    <property name="java.endorsed.dirs" value="/usr/lib/jvm/java-7-openjdk-amd64/jre/lib/endorsed" />
    <property name="src.dir" value="src" />
    <property name="sun.java2d.noddraw" value="true" />
    <property name="debug-args-line" value="-Xdebug" />
    <property name="netbeans.hash.code" value="unique=0eeb8e429-8c4d-4f94-8bd7-2effcb57f4c6_b62c282d-3ff3-4f28-95d9-876673f1a26d" />
    <property name="build.sysclasspath" value="ignore" />
    <property name="have.sources" value="true" />
    <property name="includes" value="**" />
    <property name="javac.fork" value="false" />
    <property name="source.encoding" value="UTF-8" />
    <property name="sun.os.patch.level" value="unknown" />
    <property name="java.vendor.url" value="http://java.oracle.com/" />
    <property name="java.version" value="1.7.0_09" />
    <property name="nb.show.statistics.ui" value="usageStatisticsEnabled" />
    <property name="javac.debug" value="true" />
    <property name="org.openide.major.version" value="IDE/1" />
    <property name="run.classpath" value=":build/classes" />
    <property name="java.vendor.url.bug" value="http://bugreport.sun.com/bugreport/" />
    <property name="netbeans.autoupdate.variant" value="" />
    <property name="netbeans.buildnumber" value="201207171143" />
    <property name="ant.project.invoked-targets" value="test" />
    <property name="jna.platform.library.path" value="/usr/lib/x86_64-linux-gnu:/lib/x86_64-linux-gnu:/lib64:/usr/lib:/lib" />
    <property name="annotation.processing.run.all.processors" value="true" />
    <property name="manifest.file" value="manifest.mf" />
    <property name="user.name" value="jonu" />
    <property name="jnlp.enabled" value="false" />
    <property name="empty.dir" value="/cs/fs/home/jonu/OhHa/OhHa/build/empty" />
    <property name="sun.io.unicode.encoding" value="UnicodeLittle" />
    <property name="sun.jnu.encoding" value="UTF-8" />
    <property name="java.runtime.name" value="OpenJDK Runtime Environment" />
    <property name="application.vendor" value="joel" />
    <property name="jdk.home" value="/usr/lib/jvm/java-7-openjdk-amd64" />
    <property name="netbeans.autoupdate.version" value="1.23" />
    <property name="netbeans.dirs" value="/opt/netbeans-7.2/nb:/opt/netbeans-7.2/ergonomics:/opt/netbeans-7.2/ide:/opt/netbeans-7.2/java:/opt/netbeans-7.2/apisupport:/opt/netbeans-7.2/webcommon:/opt/netbeans-7.2/websvccommon:/opt/netbeans-7.2/enterprise:/opt/netbeans-7.2/mobility:/opt/netbeans-7.2/profiler:/opt/netbeans-7.2/python:/opt/netbeans-7.2/php:/opt/netbeans-7.2/identity:/opt/netbeans-7.2/harness:/opt/netbeans-7.2/cnd:/opt/netbeans-7.2/dlight:/opt/netbeans-7.2/groovy:/opt/netbeans-7.2/extra:/opt/netbeans-7.2/javacard:/opt/netbeans-7.2/javafx:" />
    <property name="main.class.available" value="true" />
    <property name="java.specification.name" value="Java Platform API Specification" />
    <property name="javadoc.author" value="false" />
    <property name="ap.proc.none.internal" value="" />
    <property name="user.timezone" value="" />
    <property name="netbeans.system_http_non_proxy_hosts" value="" />
    <property name="manifest.available" value="true" />
    <property name="ant.file.OhHa" value="/cs/fs/home/jonu/OhHa/OhHa/build.xml" />
    <property name="org.openide.specification.version" value="6.2" />
    <property name="path.separator" value=":" />
    <property name="testng.mode" value="testng" />
    <property name="version-output" value="java version &quot;1.7" />
    <property name="jnlp.signing" value="" />
    <property name="netbeans.accept_license_class" value="org.netbeans.license.AcceptLicense" />
    <property name="file.encoding" value="UTF-8" />
    <property name="dist.javadoc.dir" value="dist/javadoc" />
    <property name="ant.project.default-target" value="default" />
    <property name="sun.java.command" value="org.apache.tools.ant.taskdefs.optional.junit.JUnitTestRunner chess.BoardTest filtertrace=true haltOnError=false haltOnFailure=false showoutput=true outputtoformatters=true logfailedtests=true logtestlistenerevents=true formatter=org.apache.tools.ant.taskdefs.optional.junit.BriefJUnitResultFormatter formatter=org.apache.tools.ant.taskdefs.optional.junit.XMLJUnitResultFormatter,/cs/fs/home/jonu/OhHa/OhHa/build/test/results/TEST-chess.BoardTest.xml crashfile=/cs/fs/home/jonu/OhHa/OhHa/build/junitvmwatcher6545887436074765872.properties propsfile=/cs/fs/home/jonu/OhHa/OhHa/build/junit7205003429881250329.properties" />
    <property name="built-jar.properties" value="/cs/fs/home/jonu/OhHa/OhHa/build/built-jar.properties" />
    <property name="ant.file.OhHa-impl" value="/cs/fs/home/jonu/OhHa/OhHa/nbproject/build-impl.xml" />
    <property name="ant.junit.enabletestlistenerevents" value="true" />
    <property name="ant.file" value="/cs/fs/home/jonu/OhHa/OhHa/build.xml" />
    <property name="junit.available" value="true" />
    <property name="netbeans.autoupdate.language" value="en" />
    <property name="do.jar" value="true" />
    <property name="java.io.tmpdir" value="/tmp" />
    <property name="build.test.results.dir" value="build/test/results" />
    <property name="user.language" value="en" />
    <property name="line.separator" value="&#xa;" />
    <property name="apple.laf.useScreenMenuBar" value="true" />
    <property name="javac.compilerargs" value="" />
    <property name="jar.compress" value="false" />
    <property name="debug-transport-by-os" value="dt_socket" />
    <property name="java.vm.info" value="mixed mode" />
    <property name="javadoc.private" value="false" />
    <property name="annotation.processing.processors.list" value="" />
    <property name="sun.desktop" value="gnome" />
    <property name="build.test.classes.dir" value="build/test/classes" />
    <property name="java.vm.specification.name" value="Java Virtual Machine Specification" />
    <property name="netbeans.dynamic.classpath" value="/opt/netbeans-7.2/platform/core/core.jar:/opt/netbeans-7.2/platform/core/org-openide-filesystems.jar:/opt/netbeans-7.2/platform/core/locale/core_pt_BR.jar:/opt/netbeans-7.2/platform/core/locale/org-openide-filesystems_pt_BR.jar:/opt/netbeans-7.2/platform/core/locale/core_ru.jar:/opt/netbeans-7.2/platform/core/locale/org-openide-filesystems_ja.jar:/opt/netbeans-7.2/platform/core/locale/core_zh_CN.jar:/opt/netbeans-7.2/platform/core/locale/org-openide-filesystems_ru.jar:/opt/netbeans-7.2/platform/core/locale/core_ja.jar:/opt/netbeans-7.2/platform/core/locale/org-openide-filesystems_zh_CN.jar:/opt/netbeans-7.2/nb/core/org-netbeans-upgrader.jar:/opt/netbeans-7.2/nb/core/locale/core_nb_ru.jar:/opt/netbeans-7.2/nb/core/locale/org-netbeans-upgrader_zh_CN.jar:/opt/netbeans-7.2/nb/core/locale/core_nb_pt_BR.jar:/opt/netbeans-7.2/nb/core/locale/core_nb.jar:/opt/netbeans-7.2/nb/core/locale/core_nb_zh_CN.jar:/opt/netbeans-7.2/nb/core/locale/org-netbeans-upgrader_pt_BR.jar:/opt/netbeans-7.2/nb/core/locale/org-netbeans-upgrader_ja.jar:/opt/netbeans-7.2/nb/core/locale/org-netbeans-upgrader_ru.jar:/opt/netbeans-7.2/nb/core/locale/core_nb_ja.jar" />
    <property name="manifest.available+main.class" value="true" />
    <property name="guice.disable.misplaced.annotation.check" value="true" />
    <property name="platform.active" value="default_platform" />
    <property name="ap.cmd.line.internal" value="" />
    <property name="jdkBug6558476" value="false" />
    <property name="endorsed.classpath" value="" />
    <property name="netbeans.autoupdate.country" value="GB" />
    <property name="javadoc.encoding" value="UTF-8" />
    <property name="java.awt.printerjob" value="sun.print.PSPrinterJob" />
    <property name="ap.processors.internal" value="" />
    <property name="do.archive" value="true" />
    <property name="dist.jar" value="dist/OhHa.jar" />
    <property name="meta.inf.dir" value="src/META-INF" />
    <property name="ant.version" value="Apache Ant(TM) version 1.8.3 compiled on February 26 2012" />
    <property name="netbeans.home" value="/opt/netbeans-7.2/platform" />
    <property name="javadoc.nonavbar" value="false" />
    <property name="user.country.format" value="FI" />
    <property name="user.properties.file" value="/home/joel/.netbeans/7.0/build.properties" />
    <property name="ant.file.type.OhHa" value="file" />
    <property name="netbeans.importclass" value="org.netbeans.upgrade.AutoUpgrade" />
    <property name="annotation.processing.source.output" value="build/generated-sources/ap-source-output" />
    <property name="build.generated.dir" value="build/generated" />
    <property name="netbeans.home+have.tests" value="true" />
    <property name="apple.awt.graphics.UseQuartz" value="true" />
    <property name="os.name" value="Linux" />
    <property name="java.specification.vendor" value="Oracle Corporation" />
    <property name="file.reference.junit-4.10.jar" value="/cs/fs/home/jonu/.netbeans/7.2/modules/ext/junit-4.10.jar" />
    <property name="run.test.classpath" value=":build/classes:${libs.junit_4.classpath}:/cs/fs/home/jonu/.netbeans/7.2/modules/ext/junit-4.10.jar:build/test/classes:${libs.junit_4.classpath}:/cs/fs/home/jonu/.netbeans/7.2/modules/ext/junit-4.10.jar" />
    <property name="nb.wait.for.caches" value="true" />
    <property name="do.archive+main.class.available" value="true" />
    <property name="java.vm.name" value="OpenJDK 64-Bit Server VM" />
    <property name="manifest.available-mkdist.available" value="true" />
    <property name="org.openide.version" value="deprecated" />
    <property name="sun.awt.enableExtraMouseButtons" value="true" />
    <property name="ap.supported.internal" value="true" />
    <property name="java.library.path" value="/usr/java/packages/lib/amd64:/usr/lib/jni:/lib:/usr/lib" />
    <property name="ant.java.version" value="1.7" />
    <property name="basedir" value="/cs/fs/home/jonu/OhHa/OhHa" />
    <property name="javadoc.noindex" value="false" />
    <property name="jna.boot.library.name" value="jnidispatch-340" />
    <property name="java.class.version" value="51.0" />
    <property name="javac.test.classpath" value=":build/classes:${libs.junit_4.classpath}:/cs/fs/home/jonu/.netbeans/7.2/modules/ext/junit-4.10.jar" />
    <property name="javac.processorpath" value="" />
    <property name="ant.home" value="/opt/netbeans-7.2/java/ant" />
    <property name="javadoc.splitindex" value="true" />
    <property name="javac.test.processorpath" value=":build/classes:${libs.junit_4.classpath}:/cs/fs/home/jonu/.netbeans/7.2/modules/ext/junit-4.10.jar" />
    <property name="javadoc.preview" value="true" />
    <property name="copylibs.rebase" value="true" />
    <property name="jnlp.signing.keystore" value="" />
    <property name="junit.forkmode" value="perTest" />
    <property name="sun.boot.library.path" value="/usr/lib/jvm/java-7-openjdk-amd64/jre/lib/amd64" />
    <property name="build.dir" value="build" />
    <property name="application.title" value="OhHa" />
    <property name="sun.management.compiler" value="HotSpot 64-Bit Tiered Compilers" />
    <property name="java.awt.graphicsenv" value="sun.awt.X11GraphicsEnvironment" />
    <property name="javadoc.encoding.used" value="UTF-8" />
    <property name="javadoc.windowtitle" value="" />
    <property name="netbeans.productversion" value="NetBeans IDE 7.2 (Build 201207171143)" />
    <property name="annotation.processing.enabled" value="true" />
    <property name="run.jvmargs.ide" value="" />
    <property name="run.jvmargs" value="" />
    <property name="nb.junit.single" value="false" />
    <property name="build.generated.sources.dir" value="build/generated-sources" />
    <property name="build.compiler.emacs" value="true" />
    <property name="ant.project.name" value="OhHa" />
    <property name="java.vm.specification.version" value="1.7" />
    <property name="work.dir" value="/cs/fs/home/jonu/OhHa/OhHa" />
    <property name="awt.toolkit" value="sun.awt.X11.XToolkit" />
    <property name="manifest.available+main.class-mkdist.available" value="true" />
    <property name="javadoc.use" value="true" />
    <property name="sun.cpu.isalist" value="" />
    <property name="securerandom.source" value="file:/dev/./urandom" />
    <property name="java.ext.dirs" value="/usr/lib/jvm/java-7-openjdk-amd64/jre/lib/ext:/usr/java/packages/lib/ext" />
    <property name="netbeans.default_userdir_root" value="/cs/fs/home/jonu/.netbeans" />
    <property name="os.version" value="3.2.0-35-generic" />
    <property name="excludes" value="" />
    <property name="jnlp.descriptor" value="application" />
    <property name="user.home" value="/cs/fs/home/jonu" />
    <property name="org.xml.sax.driver" value="com.sun.org.apache.xerces.internal.jaxp.SAXParserImpl$JAXPSAXParser" />
    <property name="java.vm.vendor" value="Oracle Corporation" />
    <property name="user.dir" value="/cs/fs/home/jonu/OhHa/OhHa" />
    <property name="debug-transport" value="dt_socket" />
    <property name="application.args" value="" />
    <property name="sun.cpu.endian" value="little" />
    <property name="compile.on.save" value="true" />
    <property name="ignore.failing.tests" value="true" />
    <property name="endorsed.classpath.cmd.line.arg" value="" />
    <property name="jar.index" value="false" />
    <property name="jnlp.offline-allowed" value="false" />
    <property name="java.vm.version" value="23.2-b09" />
    <property name="java.class.path" value="/cs/fs/home/jonu/OhHa/OhHa/build/classes:/cs/fs/home/jonu/.netbeans/7.2/modules/ext/junit-4.10.jar:/cs/fs/home/jonu/OhHa/OhHa/build/test/classes:/opt/netbeans-7.2/java/ant/lib/ant-launcher.jar:/opt/netbeans-7.2/java/ant/lib/ant.jar:/opt/netbeans-7.2/java/ant/lib/ant-junit.jar:/opt/netbeans-7.2/java/ant/lib/ant-junit4.jar" />
    <property name="annotation.processing.processor.options" value="" />
    <property name="os.arch" value="amd64" />
    <property name="javac.deprecation" value="false" />
    <property name="build.classes.excludes" value="**/*.java,**/*.form" />
    <property name="dist.dir" value="dist" />
    <property name="debug.classpath" value=":build/classes" />
    <property name="netbeans.user" value="/cs/fs/home/jonu/.netbeans/7.2" />
    <property name="sun.java.launcher" value="SUN_STANDARD" />
    <property name="jar.index.metainf" value="false" />
    <property name="jnlp.codebase.type" value="no.codebase" />
    <property name="ant.file.type.OhHa-impl" value="file" />
    <property name="annotation.processing.enabled.in.editor" value="false" />
    <property name="ant.core.lib" value="/opt/netbeans-7.2/java/ant/lib/ant.jar" />
    <property name="java.vm.specification.vendor" value="Oracle Corporation" />
    <property name="jnlp.signed" value="false" />
    <property name="do.depend" value="false" />
    <property name="file.separator" value="/" />
    <property name="java.runtime.version" value="1.7.0_09-b30" />
    <property name="sun.boot.class.path" value="/usr/lib/jvm/java-7-openjdk-amd64/jre/lib/resources.jar:/usr/lib/jvm/java-7-openjdk-amd64/jre/lib/rt.jar:/usr/lib/jvm/java-7-openjdk-amd64/jre/lib/sunrsasign.jar:/usr/lib/jvm/java-7-openjdk-amd64/jre/lib/jsse.jar:/usr/lib/jvm/java-7-openjdk-amd64/jre/lib/jce.jar:/usr/lib/jvm/java-7-openjdk-amd64/jre/lib/charsets.jar:/usr/lib/jvm/java-7-openjdk-amd64/jre/lib/netx.jar:/usr/lib/jvm/java-7-openjdk-amd64/jre/lib/plugin.jar:/usr/lib/jvm/java-7-openjdk-amd64/jre/lib/rhino.jar:/usr/lib/jvm/java-7-openjdk-amd64/jre/lib/jfr.jar:/usr/lib/jvm/java-7-openjdk-amd64/jre/classes" />
    <property name="debug.test.classpath" value=":build/classes:${libs.junit_4.classpath}:/cs/fs/home/jonu/.netbeans/7.2/modules/ext/junit-4.10.jar:build/test/classes:${libs.junit_4.classpath}:/cs/fs/home/jonu/.netbeans/7.2/modules/ext/junit-4.10.jar" />
    <property name="nb.junit.batch" value="true" />
    <property name="have.tests" value="true" />
    <property name="main.class" value="chess.Main" />
    <property name="jar.archive.disabled" value="false" />
    <property name="java.util.logging.config.class" value="org.netbeans.core.startup.TopLogging" />
    <property name="user.country" value="GB" />
    <property name="javadoc.notree" value="false" />
    <property name="javac.classpath" value="" />
    <property name="javadoc.additionalparam" value="" />
    <property name="default.javac.target" value="1.4" />
    <property name="build.classes.dir" value="build/classes" />
    <property name="do.archive+manifest.available" value="true" />
    <property name="java.vendor" value="Oracle Corporation" />
    <property name="javac.target" value="1.7" />
    <property name="runtime.encoding" value="UTF-8" />
    <property name="java.specification.version" value="1.7" />
    <property name="sun.arch.data.model" value="64" />
    <property name="mkdist.disabled" value="false" />
  </properties>
  <testcase classname="chess.BoardTest" name="thereAre64Squares" time="0.952" />
  <testcase classname="chess.BoardTest" name="thereAre32Pieces" time="0.78" />
  <testcase classname="chess.BoardTest" name="whiteKingIsInE1" time="0.762" />
  <testcase classname="chess.BoardTest" name="blackQueenIsInD8" time="0.751" />
  <testcase classname="chess.BoardTest" name="thereAre16Pawns" time="0.741" />
  <testcase classname="chess.BoardTest" name="getPieceWorks1" time="0.709" />
  <testcase classname="chess.BoardTest" name="getPieceWorks2" time="0.708" />
  <system-out><![CDATA[]]></system-out>
  <system-err><![CDATA[]]></system-err>
</testsuite>
